Dec 04 04:16:37 caohd[326]: Trying to smtp.mxhichina.com:25
Dec 04 04:16:37 caohd[326]: Connected to relay host smtp.mxhichina.com
Dec 04 04:16:37 caohd[326]: E-mail has been sent to <1170050364@qq.com>
Dec 04 04:16:37 caohd[326]: Disconnected from remote host
Dec 04 04:34:10 caohd[26847]: Trying to smtp.mxhichina.com:25
Dec 04 04:34:10 caohd[26847]: Connected to relay host smtp.mxhichina.com
Dec 04 04:34:10 caohd[26847]: E-mail has been sent to <1170050364@qq.com>
Dec 04 04:34:10 caohd[26847]: Disconnected from remote host
Dec 04 04:35:16 caohd[26848]: Trying to smtp.mxhichina.com:25
Dec 04 04:35:16 caohd[26848]: Connected to relay host smtp.mxhichina.com
Dec 04 04:35:16 caohd[26848]: E-mail has been sent to <1170050364@qq.com>
Dec 04 04:35:16 caohd[26848]: Disconnected from remote host
Dec 26 07:14:12 User[4372]: Trying to smtp.mxhichina.com:25
Dec 26 07:14:12 User[4372]: Connected to relay host smtp.mxhichina.com
Dec 26 07:14:13 User[4372]: E-mail has been sent to <1611799820@qq.com>
Dec 26 07:14:13 User[4372]: Disconnected from remote host
Dec 26 07:14:17 User[4372]: Trying to smtp.mxhichina.com:25
Dec 26 07:14:17 User[4372]: Connected to relay host smtp.mxhichina.com
Dec 26 07:14:18 User[4372]: E-mail has been sent to <1611799820@qq.com>
Dec 26 07:14:18 User[4372]: Disconnected from remote host
Dec 26 07:56:40 User[4372]: Trying to smtp.mxhichina.com:25
Dec 26 07:56:40 User[4372]: Connected to relay host smtp.mxhichina.com
Dec 26 07:56:41 User[4372]: E-mail has been sent to <1611799820@qq.com>
Dec 26 07:56:41 User[4372]: Disconnected from remote host
Dec 26 07:56:43 User[4372]: Trying to smtp.mxhichina.com:25
Dec 26 07:56:43 User[4372]: Connected to relay host smtp.mxhichina.com
Dec 26 07:56:44 User[4372]: E-mail has been sent to <1611799820@qq.com>
Dec 26 07:56:44 User[4372]: Disconnected from remote host
Dec 26 13:54:07 User[4372]: Trying to smtp.mxhichina.com:25
Dec 26 13:54:07 User[4372]: Connected to relay host smtp.mxhichina.com
Dec 26 13:54:08 User[4372]: E-mail has been sent to <1611799820@qq.com>
Dec 26 13:54:08 User[4372]: Disconnected from remote host
Dec 26 13:55:12 User[4372]: Trying to smtp.mxhichina.com:25
Dec 26 13:55:12 User[4372]: Connected to relay host smtp.mxhichina.com
Dec 26 13:55:13 User[4372]: E-mail has been sent to <1611799820@qq.com>
Dec 26 13:55:13 User[4372]: Disconnected from remote host
Dec 29 06:44:06 User[464]: Trying to smtp.mxhichina.com:25
Dec 29 06:44:07 User[464]: Connected to relay host smtp.mxhichina.com
Dec 29 06:44:09 User[464]: E-mail has been sent to <1611799820@qq.com>
Dec 29 06:44:09 User[464]: Disconnected from remote host
